[INFO ] 2018-04-06T16:13:43,580Z [main] server.FacilityServer.logStarting - Starting FacilityServer on admins-MacBook-Pro-2.local with PID 34914 (/Users/manish.kumar1/Desktop/springwebWithBoot/CT-IBF-SpringWeb/ct-facility/out/production/classes started by manish.kumar1 in /Users/manish.kumar1/Desktop/springwebWithBoot/CT-IBF-SpringWeb)
[INFO ] 2018-04-06T16:13:43,584Z [main] server.FacilityServer.logStartupProfileInfo - No active profile set, falling back to default profiles: default
[INFO ] 2018-04-06T16:13:43,664Z [main] context.AnnotationConfigServletWebServerApplicationContext.prepareRefresh - Refreshing org.springframework.boot.web.servlet.context.AnnotationConfigServletWebServerApplicationContext@17bffc17: startup date [Fri Apr 06 21:43:43 IST 2018]; root of context hierarchy
[INFO ] 2018-04-06T16:13:44,417Z [main] support.DefaultListableBeanFactory.registerBeanDefinition - Overriding bean definition for bean 'requestContextFilter' with a different definition: replacing [Root bean: class [null]; scope=; abstract=false; lazyInit=false; autowireMode=3; dependencyCheck=0; autowireCandidate=true; primary=false; factoryBeanName=org.springframework.boot.autoconfigure.jersey.JerseyAutoConfiguration; factoryMethodName=requestContextFilter; initMethodName=null; destroyMethodName=(inferred); defined in class path resource [org/springframework/boot/autoconfigure/jersey/JerseyAutoConfiguration.class]] with [Root bean: class [org.springframework.boot.autoconfigure.web.servlet.WebMvcAutoConfiguration$WebMvcAutoConfigurationAdapter]; scope=; abstract=false; lazyInit=false; autowireMode=3; dependencyCheck=0; autowireCandidate=true; primary=false; factoryBeanName=null; factoryMethodName=requestContextFilter; initMethodName=null; destroyMethodName=(inferred); defined in class path resource [org/springframework/boot/autoconfigure/web/servlet/WebMvcAutoConfiguration$WebMvcAutoConfigurationAdapter.class]]
[INFO ] 2018-04-06T16:13:44,815Z [main] annotation.AutowiredAnnotationBeanPostProcessor.<init> - JSR-330 'javax.inject.Inject' annotation found and supported for autowiring
[INFO ] 2018-04-06T16:13:45,287Z [main] tomcat.TomcatWebServer.initialize - Tomcat initialized with port(s): 8080 (http)
[INFO ] 2018-04-06T16:13:45,301Z [main] http11.Http11NioProtocol.log - Initializing ProtocolHandler ["http-nio-8080"]
[INFO ] 2018-04-06T16:13:45,311Z [main] core.StandardService.log - Starting service [Tomcat]
[INFO ] 2018-04-06T16:13:45,312Z [main] core.StandardEngine.log - Starting Servlet Engine: Apache Tomcat/8.5.28
[INFO ] 2018-04-06T16:13:45,322Z [localhost-startStop-1] core.AprLifecycleListener.log - The APR based Apache Tomcat Native library which allows optimal performance in production environments was not found on the java.library.path: [/Users/manish.kumar1/Library/Java/Extensions:/Library/Java/Extensions:/Network/Library/Java/Extensions:/System/Library/Java/Extensions:/usr/lib/java:.]
[INFO ] 2018-04-06T16:13:45,449Z [localhost-startStop-1] [localhost].[/].log - Initializing Spring embedded WebApplicationContext
[INFO ] 2018-04-06T16:13:45,449Z [localhost-startStop-1] context.ContextLoader.prepareWebApplicationContext - Root WebApplicationContext: initialization completed in 1787 ms
[INFO ] 2018-04-06T16:13:45,754Z [localhost-startStop-1] servlet.ServletRegistrationBean.addRegistration - Servlet com.manish.corda.facility.server.JerseyConfig mapped to [/rest/*]
[INFO ] 2018-04-06T16:13:45,756Z [localhost-startStop-1] servlet.ServletRegistrationBean.addRegistration - Servlet dispatcherServlet mapped to [/]
[INFO ] 2018-04-06T16:13:45,758Z [localhost-startStop-1] servlet.FilterRegistrationBean.configure - Mapping filter: 'characterEncodingFilter' to: [/*]
[INFO ] 2018-04-06T16:13:45,758Z [localhost-startStop-1] servlet.FilterRegistrationBean.configure - Mapping filter: 'hiddenHttpMethodFilter' to: [/*]
[INFO ] 2018-04-06T16:13:45,759Z [localhost-startStop-1] servlet.FilterRegistrationBean.configure - Mapping filter: 'httpPutFormContentFilter' to: [/*]
[INFO ] 2018-04-06T16:13:45,759Z [localhost-startStop-1] servlet.FilterRegistrationBean.configure - Mapping filter: 'requestContextFilter' to: [/*]
[WARN ] 2018-04-06T16:13:45,788Z [main] annotation.AutowiredAnnotationBeanPostProcessor.lambda$buildAutowiringMetadata$1 - Autowired annotation is not supported on static fields: public static com.manish.corda.facility.server.NodeRPCConnection com.manish.corda.facility.server.FacilityServer.nodeRPCConnection
[INFO ] 2018-04-06T16:13:46,688Z [main] internal.RPCClient.logElapsedTime - Startup took 834 msec
[INFO ] 2018-04-06T16:13:47,189Z [main] annotation.RequestMappingHandlerAdapter.initControllerAdviceCache - Looking for @ControllerAdvice: org.springframework.boot.web.servlet.context.AnnotationConfigServletWebServerApplicationContext@17bffc17: startup date [Fri Apr 06 21:43:43 IST 2018]; root of context hierarchy
[INFO ] 2018-04-06T16:13:47,271Z [main] annotation.RequestMappingHandlerMapping.register - Mapped "{[/error]}" onto public org.springframework.http.ResponseEntity<java.util.Map<java.lang.String, java.lang.Object>> org.springframework.boot.autoconfigure.web.servlet.error.BasicErrorController.error(javax.servlet.http.HttpServletRequest)
[INFO ] 2018-04-06T16:13:47,272Z [main] annotation.RequestMappingHandlerMapping.register - Mapped "{[/error],produces=[text/html]}" onto public org.springframework.web.servlet.ModelAndView org.springframework.boot.autoconfigure.web.servlet.error.BasicErrorController.errorHtml(javax.servlet.http.HttpServletRequest,javax.servlet.http.HttpServletResponse)
[INFO ] 2018-04-06T16:13:47,307Z [main] handler.SimpleUrlHandlerMapping.registerHandler - Mapped URL path [/webjars/**] onto handler of type [class org.springframework.web.servlet.resource.ResourceHttpRequestHandler]
[INFO ] 2018-04-06T16:13:47,307Z [main] handler.SimpleUrlHandlerMapping.registerHandler - Mapped URL path [/**] onto handler of type [class org.springframework.web.servlet.resource.ResourceHttpRequestHandler]
[INFO ] 2018-04-06T16:13:47,345Z [main] handler.SimpleUrlHandlerMapping.registerHandler - Mapped URL path [/**/favicon.ico] onto handler of type [class org.springframework.web.servlet.resource.ResourceHttpRequestHandler]
[INFO ] 2018-04-06T16:13:47,496Z [main] annotation.AnnotationMBeanExporter.afterSingletonsInstantiated - Registering beans for JMX exposure on startup
[INFO ] 2018-04-06T16:13:47,510Z [main] http11.Http11NioProtocol.log - Starting ProtocolHandler ["http-nio-8080"]
[ERROR] 2018-04-06T16:13:47,534Z [main] core.StandardService.log - Failed to start connector [Connector[HTTP/1.1-8080]]
org.apache.catalina.LifecycleException: Failed to start component [Connector[HTTP/1.1-8080]]
	at org.apache.catalina.util.LifecycleBase.start(LifecycleBase.java:167) ~[tomcat-embed-core-8.5.28.jar:8.5.28]
	at org.apache.catalina.core.StandardService.addConnector(StandardService.java:225) [tomcat-embed-core-8.5.28.jar:8.5.28]
	at org.springframework.boot.web.embedded.tomcat.TomcatWebServer.addPreviouslyRemovedConnectors(TomcatWebServer.java:255) [spring-boot-2.0.0.RELEASE.jar:2.0.0.RELEASE]
	at org.springframework.boot.web.embedded.tomcat.TomcatWebServer.start(TomcatWebServer.java:197) [spring-boot-2.0.0.RELEASE.jar:2.0.0.RELEASE]
	at org.springframework.boot.web.servlet.context.ServletWebServerApplicationContext.startWebServer(ServletWebServerApplicationContext.java:300) [spring-boot-2.0.0.RELEASE.jar:2.0.0.RELEASE]
	at org.springframework.boot.web.servlet.context.ServletWebServerApplicationContext.finishRefresh(ServletWebServerApplicationContext.java:162) [spring-boot-2.0.0.RELEASE.jar:2.0.0.RELEASE]
	at org.springframework.context.support.AbstractApplicationContext.refresh(AbstractApplicationContext.java:552) [spring-context-5.0.4.RELEASE.jar:5.0.4.RELEASE]
	at org.springframework.boot.web.servlet.context.ServletWebServerApplicationContext.refresh(ServletWebServerApplicationContext.java:140) [spring-boot-2.0.0.RELEASE.jar:2.0.0.RELEASE]
	at org.springframework.boot.SpringApplication.refresh(SpringApplication.java:752) [spring-boot-2.0.0.RELEASE.jar:2.0.0.RELEASE]
	at org.springframework.boot.SpringApplication.refreshContext(SpringApplication.java:388) [spring-boot-2.0.0.RELEASE.jar:2.0.0.RELEASE]
	at org.springframework.boot.SpringApplication.run(SpringApplication.java:327) [spring-boot-2.0.0.RELEASE.jar:2.0.0.RELEASE]
	at org.springframework.boot.SpringApplication.run(SpringApplication.java:1246) [spring-boot-2.0.0.RELEASE.jar:2.0.0.RELEASE]
	at org.springframework.boot.SpringApplication.run(SpringApplication.java:1234) [spring-boot-2.0.0.RELEASE.jar:2.0.0.RELEASE]
	at com.manish.corda.facility.server.FacilityServer.main(FacilityServer.java:23) [classes/:?]
Caused by: org.apache.catalina.LifecycleException: Protocol handler start failed
	at org.apache.catalina.connector.Connector.startInternal(Connector.java:1021) ~[tomcat-embed-core-8.5.28.jar:8.5.28]
	at org.apache.catalina.util.LifecycleBase.start(LifecycleBase.java:150) ~[tomcat-embed-core-8.5.28.jar:8.5.28]
	... 13 more
Caused by: java.net.BindException: Address already in use
	at sun.nio.ch.Net.bind0(Native Method) ~[?:1.8.0_161]
	at sun.nio.ch.Net.bind(Net.java:433) ~[?:1.8.0_161]
	at sun.nio.ch.Net.bind(Net.java:425) ~[?:1.8.0_161]
	at sun.nio.ch.ServerSocketChannelImpl.bind(ServerSocketChannelImpl.java:223) ~[?:1.8.0_161]
	at sun.nio.ch.ServerSocketAdaptor.bind(ServerSocketAdaptor.java:74) ~[?:1.8.0_161]
	at org.apache.tomcat.util.net.NioEndpoint.bind(NioEndpoint.java:210) ~[tomcat-embed-core-8.5.28.jar:8.5.28]
	at org.apache.tomcat.util.net.AbstractEndpoint.start(AbstractEndpoint.java:1150) ~[tomcat-embed-core-8.5.28.jar:8.5.28]
	at org.apache.coyote.AbstractProtocol.start(AbstractProtocol.java:591) ~[tomcat-embed-core-8.5.28.jar:8.5.28]
	at org.apache.catalina.connector.Connector.startInternal(Connector.java:1018) ~[tomcat-embed-core-8.5.28.jar:8.5.28]
	at org.apache.catalina.util.LifecycleBase.start(LifecycleBase.java:150) ~[tomcat-embed-core-8.5.28.jar:8.5.28]
	... 13 more
[INFO ] 2018-04-06T16:13:47,545Z [main] http11.Http11NioProtocol.log - Pausing ProtocolHandler ["http-nio-8080"]
[INFO ] 2018-04-06T16:13:47,545Z [main] core.StandardService.log - Stopping service [Tomcat]
[INFO ] 2018-04-06T16:13:47,554Z [main] util.LifecycleBase.log - The stop() method was called on component [StandardServer[-1]] after stop() had already been called. The second call will be ignored.
[INFO ] 2018-04-06T16:13:47,555Z [main] http11.Http11NioProtocol.log - Stopping ProtocolHandler ["http-nio-8080"]
[INFO ] 2018-04-06T16:13:47,555Z [main] http11.Http11NioProtocol.log - Destroying ProtocolHandler ["http-nio-8080"]
[INFO ] 2018-04-06T16:13:47,562Z [main] logging.ConditionEvaluationReportLoggingListener.logAutoConfigurationReport - 

Error starting ApplicationContext. To display the conditions report re-run your application with 'debug' enabled.
[ERROR] 2018-04-06T16:13:47,564Z [main] diagnostics.LoggingFailureAnalysisReporter.report - 

***************************
APPLICATION FAILED TO START
***************************

Description:

The Tomcat connector configured to listen on port 8080 failed to start. The port may already be in use or the connector may be misconfigured.

Action:

Verify the connector's configuration, identify and stop any process that's listening on port 8080, or configure this application to listen on another port.

[INFO ] 2018-04-06T16:13:47,565Z [main] context.AnnotationConfigServletWebServerApplicationContext.doClose - Closing org.springframework.boot.web.servlet.context.AnnotationConfigServletWebServerApplicationContext@17bffc17: startup date [Fri Apr 06 21:43:43 IST 2018]; root of context hierarchy
[INFO ] 2018-04-06T16:13:47,567Z [main] annotation.AnnotationMBeanExporter.destroy - Unregistering JMX-exposed beans on shutdown
[INFO ] 2018-04-06T16:13:56,919Z [main] server.FacilityServer.logStarting - Starting FacilityServer on admins-MacBook-Pro-2.local with PID 34919 (/Users/manish.kumar1/Desktop/springwebWithBoot/CT-IBF-SpringWeb/ct-facility/out/production/classes started by manish.kumar1 in /Users/manish.kumar1/Desktop/springwebWithBoot/CT-IBF-SpringWeb)
[INFO ] 2018-04-06T16:13:56,925Z [main] server.FacilityServer.logStartupProfileInfo - No active profile set, falling back to default profiles: default
[INFO ] 2018-04-06T16:13:57,013Z [main] context.AnnotationConfigServletWebServerApplicationContext.prepareRefresh - Refreshing org.springframework.boot.web.servlet.context.AnnotationConfigServletWebServerApplicationContext@15a34df2: startup date [Fri Apr 06 21:43:57 IST 2018]; root of context hierarchy
[INFO ] 2018-04-06T16:13:57,618Z [main] support.DefaultListableBeanFactory.registerBeanDefinition - Overriding bean definition for bean 'requestContextFilter' with a different definition: replacing [Root bean: class [null]; scope=; abstract=false; lazyInit=false; autowireMode=3; dependencyCheck=0; autowireCandidate=true; primary=false; factoryBeanName=org.springframework.boot.autoconfigure.jersey.JerseyAutoConfiguration; factoryMethodName=requestContextFilter; initMethodName=null; destroyMethodName=(inferred); defined in class path resource [org/springframework/boot/autoconfigure/jersey/JerseyAutoConfiguration.class]] with [Root bean: class [org.springframework.boot.autoconfigure.web.servlet.WebMvcAutoConfiguration$WebMvcAutoConfigurationAdapter]; scope=; abstract=false; lazyInit=false; autowireMode=3; dependencyCheck=0; autowireCandidate=true; primary=false; factoryBeanName=null; factoryMethodName=requestContextFilter; initMethodName=null; destroyMethodName=(inferred); defined in class path resource [org/springframework/boot/autoconfigure/web/servlet/WebMvcAutoConfiguration$WebMvcAutoConfigurationAdapter.class]]
[INFO ] 2018-04-06T16:13:57,918Z [main] annotation.AutowiredAnnotationBeanPostProcessor.<init> - JSR-330 'javax.inject.Inject' annotation found and supported for autowiring
[INFO ] 2018-04-06T16:13:58,367Z [main] tomcat.TomcatWebServer.initialize - Tomcat initialized with port(s): 8080 (http)
[INFO ] 2018-04-06T16:13:58,382Z [main] http11.Http11NioProtocol.log - Initializing ProtocolHandler ["http-nio-8080"]
[INFO ] 2018-04-06T16:13:58,391Z [main] core.StandardService.log - Starting service [Tomcat]
[INFO ] 2018-04-06T16:13:58,391Z [main] core.StandardEngine.log - Starting Servlet Engine: Apache Tomcat/8.5.28
[INFO ] 2018-04-06T16:13:58,402Z [localhost-startStop-1] core.AprLifecycleListener.log - The APR based Apache Tomcat Native library which allows optimal performance in production environments was not found on the java.library.path: [/Users/manish.kumar1/Library/Java/Extensions:/Library/Java/Extensions:/Network/Library/Java/Extensions:/System/Library/Java/Extensions:/usr/lib/java:.]
[INFO ] 2018-04-06T16:13:58,525Z [localhost-startStop-1] [localhost].[/].log - Initializing Spring embedded WebApplicationContext
[INFO ] 2018-04-06T16:13:58,525Z [localhost-startStop-1] context.ContextLoader.prepareWebApplicationContext - Root WebApplicationContext: initialization completed in 1514 ms
[INFO ] 2018-04-06T16:13:58,838Z [localhost-startStop-1] servlet.ServletRegistrationBean.addRegistration - Servlet com.manish.corda.facility.server.JerseyConfig mapped to [/rest/*]
[INFO ] 2018-04-06T16:13:58,839Z [localhost-startStop-1] servlet.ServletRegistrationBean.addRegistration - Servlet dispatcherServlet mapped to [/]
[INFO ] 2018-04-06T16:13:58,843Z [localhost-startStop-1] servlet.FilterRegistrationBean.configure - Mapping filter: 'characterEncodingFilter' to: [/*]
[INFO ] 2018-04-06T16:13:58,843Z [localhost-startStop-1] servlet.FilterRegistrationBean.configure - Mapping filter: 'hiddenHttpMethodFilter' to: [/*]
[INFO ] 2018-04-06T16:13:58,843Z [localhost-startStop-1] servlet.FilterRegistrationBean.configure - Mapping filter: 'httpPutFormContentFilter' to: [/*]
[INFO ] 2018-04-06T16:13:58,843Z [localhost-startStop-1] servlet.FilterRegistrationBean.configure - Mapping filter: 'requestContextFilter' to: [/*]
[WARN ] 2018-04-06T16:13:58,878Z [main] annotation.AutowiredAnnotationBeanPostProcessor.lambda$buildAutowiringMetadata$1 - Autowired annotation is not supported on static fields: public static com.manish.corda.facility.server.NodeRPCConnection com.manish.corda.facility.server.FacilityServer.nodeRPCConnection
[INFO ] 2018-04-06T16:13:59,722Z [main] internal.RPCClient.logElapsedTime - Startup took 768 msec
[INFO ] 2018-04-06T16:14:00,171Z [main] annotation.RequestMappingHandlerAdapter.initControllerAdviceCache - Looking for @ControllerAdvice: org.springframework.boot.web.servlet.context.AnnotationConfigServletWebServerApplicationContext@15a34df2: startup date [Fri Apr 06 21:43:57 IST 2018]; root of context hierarchy
[INFO ] 2018-04-06T16:14:00,253Z [main] annotation.RequestMappingHandlerMapping.register - Mapped "{[/error]}" onto public org.springframework.http.ResponseEntity<java.util.Map<java.lang.String, java.lang.Object>> org.springframework.boot.autoconfigure.web.servlet.error.BasicErrorController.error(javax.servlet.http.HttpServletRequest)
[INFO ] 2018-04-06T16:14:00,254Z [main] annotation.RequestMappingHandlerMapping.register - Mapped "{[/error],produces=[text/html]}" onto public org.springframework.web.servlet.ModelAndView org.springframework.boot.autoconfigure.web.servlet.error.BasicErrorController.errorHtml(javax.servlet.http.HttpServletRequest,javax.servlet.http.HttpServletResponse)
[INFO ] 2018-04-06T16:14:00,293Z [main] handler.SimpleUrlHandlerMapping.registerHandler - Mapped URL path [/webjars/**] onto handler of type [class org.springframework.web.servlet.resource.ResourceHttpRequestHandler]
[INFO ] 2018-04-06T16:14:00,294Z [main] handler.SimpleUrlHandlerMapping.registerHandler - Mapped URL path [/**] onto handler of type [class org.springframework.web.servlet.resource.ResourceHttpRequestHandler]
[INFO ] 2018-04-06T16:14:00,330Z [main] handler.SimpleUrlHandlerMapping.registerHandler - Mapped URL path [/**/favicon.ico] onto handler of type [class org.springframework.web.servlet.resource.ResourceHttpRequestHandler]
[INFO ] 2018-04-06T16:14:00,484Z [main] annotation.AnnotationMBeanExporter.afterSingletonsInstantiated - Registering beans for JMX exposure on startup
[INFO ] 2018-04-06T16:14:00,498Z [main] http11.Http11NioProtocol.log - Starting ProtocolHandler ["http-nio-8080"]
[INFO ] 2018-04-06T16:14:00,524Z [main] net.NioSelectorPool.log - Using a shared selector for servlet write/read
[INFO ] 2018-04-06T16:14:00,540Z [main] tomcat.TomcatWebServer.start - Tomcat started on port(s): 8080 (http) with context path ''
[INFO ] 2018-04-06T16:14:00,544Z [main] server.FacilityServer.logStarted - Started FacilityServer in 4.229 seconds (JVM running for 5.625)
[INFO ] 2018-04-06T16:14:07,190Z [http-nio-8080-exec-2] [localhost].[/].log - Initializing Spring FrameworkServlet 'dispatcherServlet'
[INFO ] 2018-04-06T16:14:07,191Z [http-nio-8080-exec-2] servlet.DispatcherServlet.initServletBean - FrameworkServlet 'dispatcherServlet': initialization started
[INFO ] 2018-04-06T16:14:07,211Z [http-nio-8080-exec-2] servlet.DispatcherServlet.initServletBean - FrameworkServlet 'dispatcherServlet': initialization completed in 20 ms
[INFO ] 2018-04-06T16:19:34,879Z [Thread-4] context.AnnotationConfigServletWebServerApplicationContext.doClose - Closing org.springframework.boot.web.servlet.context.AnnotationConfigServletWebServerApplicationContext@15a34df2: startup date [Fri Apr 06 21:43:57 IST 2018]; root of context hierarchy
[INFO ] 2018-04-06T16:19:34,901Z [Thread-4] annotation.AnnotationMBeanExporter.destroy - Unregistering JMX-exposed beans on shutdown
[INFO ] 2018-04-06T16:32:38,612Z [main] server.FacilityServer.logStarting - Starting FacilityServer on admins-MacBook-Pro-2.local with PID 35254 (/Users/manish.kumar1/Desktop/springwebWithBoot/CT-IBF-SpringWeb/mycordawithspringboot/ct-facility/out/production/classes started by manish.kumar1 in /Users/manish.kumar1/Desktop/springwebWithBoot/CT-IBF-SpringWeb/mycordawithspringboot)
[INFO ] 2018-04-06T16:32:38,618Z [main] server.FacilityServer.logStartupProfileInfo - No active profile set, falling back to default profiles: default
[INFO ] 2018-04-06T16:32:38,680Z [main] context.AnnotationConfigServletWebServerApplicationContext.prepareRefresh - Refreshing org.springframework.boot.web.servlet.context.AnnotationConfigServletWebServerApplicationContext@15a34df2: startup date [Fri Apr 06 22:02:38 IST 2018]; root of context hierarchy
[INFO ] 2018-04-06T16:32:39,532Z [main] support.DefaultListableBeanFactory.registerBeanDefinition - Overriding bean definition for bean 'requestContextFilter' with a different definition: replacing [Root bean: class [null]; scope=; abstract=false; lazyInit=false; autowireMode=3; dependencyCheck=0; autowireCandidate=true; primary=false; factoryBeanName=org.springframework.boot.autoconfigure.jersey.JerseyAutoConfiguration; factoryMethodName=requestContextFilter; initMethodName=null; destroyMethodName=(inferred); defined in class path resource [org/springframework/boot/autoconfigure/jersey/JerseyAutoConfiguration.class]] with [Root bean: class [org.springframework.boot.autoconfigure.web.servlet.WebMvcAutoConfiguration$WebMvcAutoConfigurationAdapter]; scope=; abstract=false; lazyInit=false; autowireMode=3; dependencyCheck=0; autowireCandidate=true; primary=false; factoryBeanName=null; factoryMethodName=requestContextFilter; initMethodName=null; destroyMethodName=(inferred); defined in class path resource [org/springframework/boot/autoconfigure/web/servlet/WebMvcAutoConfiguration$WebMvcAutoConfigurationAdapter.class]]
[INFO ] 2018-04-06T16:32:39,874Z [main] annotation.AutowiredAnnotationBeanPostProcessor.<init> - JSR-330 'javax.inject.Inject' annotation found and supported for autowiring
[INFO ] 2018-04-06T16:32:40,388Z [main] tomcat.TomcatWebServer.initialize - Tomcat initialized with port(s): 8080 (http)
[INFO ] 2018-04-06T16:32:40,418Z [main] http11.Http11NioProtocol.log - Initializing ProtocolHandler ["http-nio-8080"]
[INFO ] 2018-04-06T16:32:40,431Z [main] core.StandardService.log - Starting service [Tomcat]
[INFO ] 2018-04-06T16:32:40,432Z [main] core.StandardEngine.log - Starting Servlet Engine: Apache Tomcat/8.5.28
[INFO ] 2018-04-06T16:32:40,445Z [localhost-startStop-1] core.AprLifecycleListener.log - The APR based Apache Tomcat Native library which allows optimal performance in production environments was not found on the java.library.path: [/Users/manish.kumar1/Library/Java/Extensions:/Library/Java/Extensions:/Network/Library/Java/Extensions:/System/Library/Java/Extensions:/usr/lib/java:.]
[INFO ] 2018-04-06T16:32:40,575Z [localhost-startStop-1] [localhost].[/].log - Initializing Spring embedded WebApplicationContext
[INFO ] 2018-04-06T16:32:40,575Z [localhost-startStop-1] context.ContextLoader.prepareWebApplicationContext - Root WebApplicationContext: initialization completed in 1897 ms
[INFO ] 2018-04-06T16:32:40,899Z [localhost-startStop-1] servlet.ServletRegistrationBean.addRegistration - Servlet com.manish.corda.facility.server.JerseyConfig mapped to [/rest/*]
[INFO ] 2018-04-06T16:32:40,901Z [localhost-startStop-1] servlet.ServletRegistrationBean.addRegistration - Servlet dispatcherServlet mapped to [/]
[INFO ] 2018-04-06T16:32:40,905Z [localhost-startStop-1] servlet.FilterRegistrationBean.configure - Mapping filter: 'characterEncodingFilter' to: [/*]
[INFO ] 2018-04-06T16:32:40,905Z [localhost-startStop-1] servlet.FilterRegistrationBean.configure - Mapping filter: 'hiddenHttpMethodFilter' to: [/*]
[INFO ] 2018-04-06T16:32:40,905Z [localhost-startStop-1] servlet.FilterRegistrationBean.configure - Mapping filter: 'httpPutFormContentFilter' to: [/*]
[INFO ] 2018-04-06T16:32:40,906Z [localhost-startStop-1] servlet.FilterRegistrationBean.configure - Mapping filter: 'requestContextFilter' to: [/*]
[WARN ] 2018-04-06T16:32:40,959Z [main] annotation.AutowiredAnnotationBeanPostProcessor.lambda$buildAutowiringMetadata$1 - Autowired annotation is not supported on static fields: public static com.manish.corda.facility.server.NodeRPCConnection com.manish.corda.facility.server.FacilityServer.nodeRPCConnection
[INFO ] 2018-04-06T16:32:42,033Z [main] internal.RPCClient.logElapsedTime - Startup took 995 msec
[INFO ] 2018-04-06T16:32:42,527Z [main] annotation.RequestMappingHandlerAdapter.initControllerAdviceCache - Looking for @ControllerAdvice: org.springframework.boot.web.servlet.context.AnnotationConfigServletWebServerApplicationContext@15a34df2: startup date [Fri Apr 06 22:02:38 IST 2018]; root of context hierarchy
[INFO ] 2018-04-06T16:32:42,613Z [main] annotation.RequestMappingHandlerMapping.register - Mapped "{[/error]}" onto public org.springframework.http.ResponseEntity<java.util.Map<java.lang.String, java.lang.Object>> org.springframework.boot.autoconfigure.web.servlet.error.BasicErrorController.error(javax.servlet.http.HttpServletRequest)
[INFO ] 2018-04-06T16:32:42,615Z [main] annotation.RequestMappingHandlerMapping.register - Mapped "{[/error],produces=[text/html]}" onto public org.springframework.web.servlet.ModelAndView org.springframework.boot.autoconfigure.web.servlet.error.BasicErrorController.errorHtml(javax.servlet.http.HttpServletRequest,javax.servlet.http.HttpServletResponse)
[INFO ] 2018-04-06T16:32:42,650Z [main] handler.SimpleUrlHandlerMapping.registerHandler - Mapped URL path [/webjars/**] onto handler of type [class org.springframework.web.servlet.resource.ResourceHttpRequestHandler]
[INFO ] 2018-04-06T16:32:42,650Z [main] handler.SimpleUrlHandlerMapping.registerHandler - Mapped URL path [/**] onto handler of type [class org.springframework.web.servlet.resource.ResourceHttpRequestHandler]
[INFO ] 2018-04-06T16:32:42,689Z [main] handler.SimpleUrlHandlerMapping.registerHandler - Mapped URL path [/**/favicon.ico] onto handler of type [class org.springframework.web.servlet.resource.ResourceHttpRequestHandler]
[INFO ] 2018-04-06T16:32:42,833Z [main] annotation.AnnotationMBeanExporter.afterSingletonsInstantiated - Registering beans for JMX exposure on startup
[INFO ] 2018-04-06T16:32:42,846Z [main] http11.Http11NioProtocol.log - Starting ProtocolHandler ["http-nio-8080"]
[INFO ] 2018-04-06T16:32:42,871Z [main] net.NioSelectorPool.log - Using a shared selector for servlet write/read
[INFO ] 2018-04-06T16:32:42,886Z [main] tomcat.TomcatWebServer.start - Tomcat started on port(s): 8080 (http) with context path ''
[INFO ] 2018-04-06T16:32:42,889Z [main] server.FacilityServer.logStarted - Started FacilityServer in 4.806 seconds (JVM running for 6.538)
[INFO ] 2018-04-06T16:33:03,087Z [http-nio-8080-exec-1] [localhost].[/].log - Initializing Spring FrameworkServlet 'dispatcherServlet'
[INFO ] 2018-04-06T16:33:03,087Z [http-nio-8080-exec-1] servlet.DispatcherServlet.initServletBean - FrameworkServlet 'dispatcherServlet': initialization started
[INFO ] 2018-04-06T16:33:03,112Z [http-nio-8080-exec-1] servlet.DispatcherServlet.initServletBean - FrameworkServlet 'dispatcherServlet': initialization completed in 25 ms
